<?xml version="1.0" encoding="UTF-8"?>
<testng-results ignored="0" total="3" passed="3" failed="0" skipped="0">
  <reporter-output>
  </reporter-output>
  <suite started-at="2022-08-14T00:24:23Z" name="Default suite" finished-at="2022-08-14T00:24:37Z" duration-ms="13103">
    <groups>
      <group name="cucumber">
        <method signature="AbstractTestNGCucumberTests.runScenario(io.cucumber.testng.PickleWrapper, io.cucumber.testng.FeatureWrapper)[pri:0, instance:com.myrunner.MyRunner@6e35bc3d]" name="runScenario" class="io.cucumber.testng.AbstractTestNGCucumberTests"/>
      </group> <!-- cucumber -->
    </groups>
    <test started-at="2022-08-14T00:24:23Z" name="Default test" finished-at="2022-08-14T00:24:37Z" duration-ms="13103">
      <class name="com.myrunner.MyRunner">
        <test-method is-config="true" signature="setUpClass(org.testng.ITestContext)[pri:0, instance:com.myrunner.MyRunner@6e35bc3d]" started-at="2022-08-14T00:24:23Z" name="setUpClass" finished-at="2022-08-14T00:24:24Z" duration-ms="209" status="PASS">
          <params>
            <param index="0">
              <value>
                <![CDATA[org.testng.TestRunner@1290c49]]>
              </value>
            </param>
          </params>
          <reporter-output>
          </reporter-output>
        </test-method> <!-- setUpClass -->
        <test-method signature="runScenario(io.cucumber.testng.PickleWrapper, io.cucumber.testng.FeatureWrapper)[pri:0, instance:com.myrunner.MyRunner@6e35bc3d]" started-at="2022-08-14T00:24:24Z" name="runScenario" description="Runs Cucumber Scenarios" data-provider="scenarios" finished-at="2022-08-14T00:24:28Z" duration-ms="4783" status="PASS">
          <params>
            <param index="0">
              <value>
                <![CDATA["User able to login the application with the valid credntials,user unable to"]]>
              </value>
            </param>
            <param index="1">
              <value>
                <![CDATA["Valid user able to login in the application and buy, sale, return,clear"]]>
              </value>
            </param>
          </params>
          <reporter-output>
          </reporter-output>
        </test-method> <!-- runScenario -->
        <test-method signature="runScenario(io.cucumber.testng.PickleWrapper, io.cucumber.testng.FeatureWrapper)[pri:0, instance:com.myrunner.MyRunner@6e35bc3d]" started-at="2022-08-14T00:24:28Z" name="runScenario" description="Runs Cucumber Scenarios" data-provider="scenarios" finished-at="2022-08-14T00:24:32Z" duration-ms="3528" status="PASS">
          <params>
            <param index="0">
              <value>
                <![CDATA["User able to login the application with the valid credntials,user unable to"]]>
              </value>
            </param>
            <param index="1">
              <value>
                <![CDATA["Valid user able to login in the application and buy, sale, return,clear"]]>
              </value>
            </param>
          </params>
          <reporter-output>
          </reporter-output>
        </test-method> <!-- runScenario -->
        <test-method signature="runScenario(io.cucumber.testng.PickleWrapper, io.cucumber.testng.FeatureWrapper)[pri:0, instance:com.myrunner.MyRunner@6e35bc3d]" started-at="2022-08-14T00:24:32Z" name="runScenario" description="Runs Cucumber Scenarios" data-provider="scenarios" finished-at="2022-08-14T00:24:37Z" duration-ms="4564" status="PASS">
          <params>
            <param index="0">
              <value>
                <![CDATA["User able to login the application with the valid credntials,user unable to"]]>
              </value>
            </param>
            <param index="1">
              <value>
                <![CDATA["Valid user able to login in the application and buy, sale, return,clear"]]>
              </value>
            </param>
          </params>
          <reporter-output>
          </reporter-output>
        </test-method> <!-- runScenario -->
        <test-method is-config="true" signature="tearDownClass()[pri:0, instance:com.myrunner.MyRunner@6e35bc3d]" started-at="2022-08-14T00:24:37Z" name="tearDownClass" finished-at="2022-08-14T00:24:37Z" duration-ms="6" status="PASS">
          <reporter-output>
          </reporter-output>
        </test-method> <!-- tearDownClass -->
      </class> <!-- com.myrunner.MyRunner -->
    </test> <!-- Default test -->
  </suite> <!-- Default suite -->
</testng-results>
